# JRE version: Java(TM) SE Runtime Environment (8.0_211-b12) (build 1.8.0_211-b12)
# Java VM: Java HotSpot(TM) 64-Bit Server VM (25.211-b12 mixed mode windows-amd64 compressed oops)
Heap:
 par new generation   total 314560K, used 211964K [0x00000000c0000000, 0x00000000d5550000, 0x00000000d5550000)
  eden space 279616K,  73% used [0x00000000c0000000, 0x00000000cca103c8, 0x00000000d1110000)
  from space 34944K,  14% used [0x00000000d3330000, 0x00000000d381efc0, 0x00000000d5550000)
  to   space 34944K,   0% used [0x00000000d1110000, 0x00000000d1110000, 0x00000000d3330000)
 concurrent mark-sweep generation total 699072K, used 351302K [0x00000000d5550000, 0x0000000100000000, 0x0000000100000000)
 Metaspace       used 65547K, capacity 71433K, committed 71684K, reserved 1110016K
  class space    used 9581K, capacity 10978K, committed 11028K, reserved 1048576K
GC Heap History (10 events):
Event: 90.068 GC heap before
{Heap before GC invocations=90 (full 2):
 par new generation   total 314560K, used 306332K [0x00000000c0000000, 0x00000000d5550000, 0x00000000d5550000)
  eden space 279616K, 100% used [0x00000000c0000000, 0x00000000d1110000, 0x00000000d1110000)
  from space 34944K,  76% used [0x00000000d1110000, 0x00000000d2b27260, 0x00000000d3330000)
  to   space 34944K,   0% used [0x00000000d3330000, 0x00000000d3330000, 0x00000000d5550000)
 concurrent mark-sweep generation total 699072K, used 309369K [0x00000000d5550000, 0x0000000100000000, 0x0000000100000000)
 Metaspace       used 64191K, capacity 69665K, committed 69764K, reserved 1107968K
  class space    used 9478K, capacity 10812K, committed 10900K, reserved 1048576K
Event: 90.113 GC heap after
Heap after GC invocations=91 (full 2):
 par new generation   total 314560K, used 34944K [0x00000000c0000000, 0x00000000d5550000, 0x00000000d5550000)
  eden space 279616K,   0% used [0x00000000c0000000, 0x00000000c0000000, 0x00000000d1110000)
  from space 34944K, 100% used [0x00000000d3330000, 0x00000000d5550000, 0x00000000d5550000)
  to   space 34944K,   0% used [0x00000000d1110000, 0x00000000d1110000, 0x00000000d3330000)
 concurrent mark-sweep generation total 699072K, used 317695K [0x00000000d5550000, 0x0000000100000000, 0x0000000100000000)
 Metaspace       used 64191K, capacity 69665K, committed 69764K, reserved 1107968K
  class space    used 9478K, capacity 10812K, committed 10900K, reserved 1048576K
}
Event: 92.794 GC heap before
{Heap before GC invocations=91 (full 2):
 par new generation   total 314560K, used 314560K [0x00000000c0000000, 0x00000000d5550000, 0x00000000d5550000)
  eden space 279616K, 100% used [0x00000000c0000000, 0x00000000d1110000, 0x00000000d1110000)
  from space 34944K, 100% used [0x00000000d3330000, 0x00000000d5550000, 0x00000000d5550000)
  to   space 34944K,   0% used [0x00000000d1110000, 0x00000000d1110000, 0x00000000d3330000)
 concurrent mark-sweep generation total 699072K, used 317695K [0x00000000d5550000, 0x0000000100000000, 0x0000000100000000)
 Metaspace       used 65152K, capacity 71019K, committed 71172K, reserved 1110016K
  class space    used 9572K, capacity 10973K, committed 11028K, reserved 1048576K
Event: 92.891 GC heap after
Heap after GC invocations=92 (full 2):
 par new generation   total 314560K, used 31005K [0x00000000c0000000, 0x00000000d5550000, 0x00000000d5550000)
  eden space 279616K,   0% used [0x00000000c0000000, 0x00000000c0000000, 0x00000000d1110000)
  from space 34944K,  88% used [0x00000000d1110000, 0x00000000d2f57438, 0x00000000d3330000)
  to   space 34944K,   0% used [0x00000000d3330000, 0x00000000d3330000, 0x00000000d5550000)
 concurrent mark-sweep generation total 699072K, used 351302K [0x00000000d5550000, 0x0000000100000000, 0x0000000100000000)
 Metaspace       used 65152K, capacity 71019K, committed 71172K, reserved 1110016K
  class space    used 9572K, capacity 10973K, committed 11028K, reserved 1048576K
}
Event: 97.345 GC heap before
{Heap before GC invocations=92 (full 2):
 par new generation   total 314560K, used 310621K [0x00000000c0000000, 0x00000000d5550000, 0x00000000d5550000)
  eden space 279616K, 100% used [0x00000000c0000000, 0x00000000d1110000, 0x00000000d1110000)
  from space 34944K,  88% used [0x00000000d1110000, 0x00000000d2f57438, 0x00000000d3330000)
  to   space 34944K,   0% used [0x00000000d3330000, 0x00000000d3330000, 0x00000000d5550000)
 concurrent mark-sweep generation total 699072K, used 351302K [0x00000000d5550000, 0x0000000100000000, 0x0000000100000000)
 Metaspace       used 65315K, capacity 71193K, committed 71428K, reserved 1110016K
  class space    used 9580K, capacity 10978K, committed 11028K, reserved 1048576K
Event: 97.351 GC heap after
Heap after GC invocations=93 (full 2):
 par new generation   total 314560K, used 9726K [0x00000000c0000000, 0x00000000d5550000, 0x00000000d5550000)
  eden space 279616K,   0% used [0x00000000c0000000, 0x00000000c0000000, 0x00000000d1110000)
  from space 34944K,  27% used [0x00000000d3330000, 0x00000000d3caf8f8, 0x00000000d5550000)
  to   space 34944K,   0% used [0x00000000d1110000, 0x00000000d1110000, 0x00000000d3330000)
 concurrent mark-sweep generation total 699072K, used 351302K [0x00000000d5550000, 0x0000000100000000, 0x0000000100000000)
 Metaspace       used 65315K, capacity 71193K, committed 71428K, reserved 1110016K
  class space    used 9580K, capacity 10978K, committed 11028K, reserved 1048576K
}
Event: 102.751 GC heap before
{Heap before GC invocations=93 (full 2):
 par new generation   total 314560K, used 289295K [0x00000000c0000000, 0x00000000d5550000, 0x00000000d5550000)
  eden space 279616K,  99% used [0x00000000c0000000, 0x00000000d11044d8, 0x00000000d1110000)
  from space 34944K,  27% used [0x00000000d3330000, 0x00000000d3caf8f8, 0x00000000d5550000)
  to   space 34944K,   0% used [0x00000000d1110000, 0x00000000d1110000, 0x00000000d3330000)
 concurrent mark-sweep generation total 699072K, used 351302K [0x00000000d5550000, 0x0000000100000000, 0x0000000100000000)
 Metaspace       used 65379K, capacity 71281K, committed 71428K, reserved 1110016K
  class space    used 9580K, capacity 10978K, committed 11028K, reserved 1048576K
Event: 102.758 GC heap after
Heap after GC invocations=94 (full 2):
 par new generation   total 314560K, used 5040K [0x00000000c0000000, 0x00000000d5550000, 0x00000000d5550000)
  eden space 279616K,   0% used [0x00000000c0000000, 0x00000000c0000000, 0x00000000d1110000)
  from space 34944K,  14% used [0x00000000d1110000, 0x00000000d15fc0f0, 0x00000000d3330000)
  to   space 34944K,   0% used [0x00000000d3330000, 0x00000000d3330000, 0x00000000d5550000)
 concurrent mark-sweep generation total 699072K, used 351302K [0x00000000d5550000, 0x0000000100000000, 0x0000000100000000)
 Metaspace       used 65379K, capacity 71281K, committed 71428K, reserved 1110016K
  class space    used 9580K, capacity 10978K, committed 11028K, reserved 1048576K
}
Event: 110.149 GC heap before
{Heap before GC invocations=94 (full 2):
 par new generation   total 314560K, used 284656K [0x00000000c0000000, 0x00000000d5550000, 0x00000000d5550000)
  eden space 279616K, 100% used [0x00000000c0000000, 0x00000000d1110000, 0x00000000d1110000)
  from space 34944K,  14% used [0x00000000d1110000, 0x00000000d15fc0f0, 0x00000000d3330000)
  to   space 34944K,   0% used [0x00000000d3330000, 0x00000000d3330000, 0x00000000d5550000)
 concurrent mark-sweep generation total 699072K, used 351302K [0x00000000d5550000, 0x0000000100000000, 0x0000000100000000)
 Metaspace       used 65510K, capacity 71421K, committed 71684K, reserved 1110016K
  class space    used 9581K, capacity 10978K, committed 11028K, reserved 1048576K
Event: 110.158 GC heap after
Heap after GC invocations=95 (full 2):
 par new generation   total 314560K, used 5051K [0x00000000c0000000, 0x00000000d5550000, 0x00000000d5550000)
  eden space 279616K,   0% used [0x00000000c0000000, 0x00000000c0000000, 0x00000000d1110000)
  from space 34944K,  14% used [0x00000000d3330000, 0x00000000d381efc0, 0x00000000d5550000)
  to   space 34944K,   0% used [0x00000000d1110000, 0x00000000d1110000, 0x00000000d3330000)
 concurrent mark-sweep generation total 699072K, used 351302K [0x00000000d5550000, 0x0000000100000000, 0x0000000100000000)
 Metaspace       used 65510K, capacity 71421K, committed 71684K, reserved 1110016K
  class space    used 9581K, capacity 10978K, committed 11028K, reserved 1048576K
}

