# JRE version: Java(TM) SE Runtime Environment (8.0_211-b12) (build 1.8.0_211-b12)
# Java VM: Java HotSpot(TM) 64-Bit Server VM (25.211-b12 mixed mode windows-amd64 compressed oops)
Heap:
 par new generation   total 157248K, used 13271K [0x00000000e0000000, 0x00000000eaaa0000, 0x00000000eaaa0000)
  eden space 139776K,   2% used [0x00000000e0000000, 0x00000000e03a9ab0, 0x00000000e8880000)
  from space 17472K,  54% used [0x00000000e9990000, 0x00000000ea2dc260, 0x00000000eaaa0000)
  to   space 17472K,   0% used [0x00000000e8880000, 0x00000000e8880000, 0x00000000e9990000)
 concurrent mark-sweep generation total 349568K, used 289660K [0x00000000eaaa0000, 0x0000000100000000, 0x0000000100000000)
 Metaspace       used 69059K, capacity 74465K, committed 74584K, reserved 1112064K
  class space    used 9868K, capacity 11216K, committed 11260K, reserved 1048576K
GC Heap History (10 events):
Event: 89.104 GC heap before
{Heap before GC invocations=188 (full 5):
 par new generation   total 157248K, used 157248K [0x00000000e0000000, 0x00000000eaaa0000, 0x00000000eaaa0000)
  eden space 139776K, 100% used [0x00000000e0000000, 0x00000000e8880000, 0x00000000e8880000)
  from space 17472K, 100% used [0x00000000e8880000, 0x00000000e9990000, 0x00000000e9990000)
  to   space 17472K,   0% used [0x00000000e9990000, 0x00000000e9990000, 0x00000000eaaa0000)
 concurrent mark-sweep generation total 349568K, used 262068K [0x00000000eaaa0000, 0x0000000100000000, 0x0000000100000000)
 Metaspace       used 68610K, capacity 73993K, committed 74328K, reserved 1112064K
  class space    used 9835K, capacity 11172K, committed 11260K, reserved 1048576K
Event: 89.125 GC heap after
Heap after GC invocations=189 (full 5):
 par new generation   total 157248K, used 13479K [0x00000000e0000000, 0x00000000eaaa0000, 0x00000000eaaa0000)
  eden space 139776K,   0% used [0x00000000e0000000, 0x00000000e0000000, 0x00000000e8880000)
  from space 17472K,  77% used [0x00000000e9990000, 0x00000000ea6b9ec0, 0x00000000eaaa0000)
  to   space 17472K,   0% used [0x00000000e8880000, 0x00000000e8880000, 0x00000000e9990000)
 concurrent mark-sweep generation total 349568K, used 273276K [0x00000000eaaa0000, 0x0000000100000000, 0x0000000100000000)
 Metaspace       used 68610K, capacity 73993K, committed 74328K, reserved 1112064K
  class space    used 9835K, capacity 11172K, committed 11260K, reserved 1048576K
}
Event: 90.591 GC heap before
{Heap before GC invocations=189 (full 5):
 par new generation   total 157248K, used 137484K [0x00000000e0000000, 0x00000000eaaa0000, 0x00000000eaaa0000)
  eden space 139776K,  88% used [0x00000000e0000000, 0x00000000e79191a0, 0x00000000e8880000)
  from space 17472K,  77% used [0x00000000e9990000, 0x00000000ea6b9ec0, 0x00000000eaaa0000)
  to   space 17472K,   0% used [0x00000000e8880000, 0x00000000e8880000, 0x00000000e9990000)
 concurrent mark-sweep generation total 349568K, used 273276K [0x00000000eaaa0000, 0x0000000100000000, 0x0000000100000000)
 Metaspace       used 68730K, capacity 74137K, committed 74328K, reserved 1112064K
  class space    used 9838K, capacity 11174K, committed 11260K, reserved 1048576K
Event: 90.603 GC heap after
Heap after GC invocations=190 (full 5):
 par new generation   total 157248K, used 7671K [0x00000000e0000000, 0x00000000eaaa0000, 0x00000000eaaa0000)
  eden space 139776K,   0% used [0x00000000e0000000, 0x00000000e0000000, 0x00000000e8880000)
  from space 17472K,  43% used [0x00000000e8880000, 0x00000000e8ffde08, 0x00000000e9990000)
  to   space 17472K,   0% used [0x00000000e9990000, 0x00000000e9990000, 0x00000000eaaa0000)
 concurrent mark-sweep generation total 349568K, used 273276K [0x00000000eaaa0000, 0x0000000100000000, 0x0000000100000000)
 Metaspace       used 68730K, capacity 74137K, committed 74328K, reserved 1112064K
  class space    used 9838K, capacity 11174K, committed 11260K, reserved 1048576K
}
Event: 91.841 GC heap before
{Heap before GC invocations=190 (full 5):
 par new generation   total 157248K, used 147370K [0x00000000e0000000, 0x00000000eaaa0000, 0x00000000eaaa0000)
  eden space 139776K,  99% used [0x00000000e0000000, 0x00000000e886cbf0, 0x00000000e8880000)
  from space 17472K,  43% used [0x00000000e8880000, 0x00000000e8ffde08, 0x00000000e9990000)
  to   space 17472K,   0% used [0x00000000e9990000, 0x00000000e9990000, 0x00000000eaaa0000)
 concurrent mark-sweep generation total 349568K, used 273276K [0x00000000eaaa0000, 0x0000000100000000, 0x0000000100000000)
 Metaspace       used 68889K, capacity 74251K, committed 74328K, reserved 1112064K
  class space    used 9858K, capacity 11209K, committed 11260K, reserved 1048576K
Event: 91.868 GC heap after
Heap after GC invocations=191 (full 5):
 par new generation   total 157248K, used 9464K [0x00000000e0000000, 0x00000000eaaa0000, 0x00000000eaaa0000)
  eden space 139776K,   0% used [0x00000000e0000000, 0x00000000e0000000, 0x00000000e8880000)
  from space 17472K,  54% used [0x00000000e9990000, 0x00000000ea2ce1e8, 0x00000000eaaa0000)
  to   space 17472K,   0% used [0x00000000e8880000, 0x00000000e8880000, 0x00000000e9990000)
 concurrent mark-sweep generation total 349568K, used 289660K [0x00000000eaaa0000, 0x0000000100000000, 0x0000000100000000)
 Metaspace       used 68889K, capacity 74251K, committed 74328K, reserved 1112064K
  class space    used 9858K, capacity 11209K, committed 11260K, reserved 1048576K
}
Event: 93.344 GC heap before
{Heap before GC invocations=191 (full 5):
 par new generation   total 157248K, used 149227K [0x00000000e0000000, 0x00000000eaaa0000, 0x00000000eaaa0000)
  eden space 139776K,  99% used [0x00000000e0000000, 0x00000000e887cae0, 0x00000000e8880000)
  from space 17472K,  54% used [0x00000000e9990000, 0x00000000ea2ce1e8, 0x00000000eaaa0000)
  to   space 17472K,   0% used [0x00000000e8880000, 0x00000000e8880000, 0x00000000e9990000)
 concurrent mark-sweep generation total 349568K, used 289660K [0x00000000eaaa0000, 0x0000000100000000, 0x0000000100000000)
 Metaspace       used 68952K, capacity 74315K, committed 74584K, reserved 1112064K
  class space    used 9859K, capacity 11209K, committed 11260K, reserved 1048576K
Event: 93.354 GC heap after
Heap after GC invocations=192 (full 5):
 par new generation   total 157248K, used 13740K [0x00000000e0000000, 0x00000000eaaa0000, 0x00000000eaaa0000)
  eden space 139776K,   0% used [0x00000000e0000000, 0x00000000e0000000, 0x00000000e8880000)
  from space 17472K,  78% used [0x00000000e8880000, 0x00000000e95eb3a0, 0x00000000e9990000)
  to   space 17472K,   0% used [0x00000000e9990000, 0x00000000e9990000, 0x00000000eaaa0000)
 concurrent mark-sweep generation total 349568K, used 289660K [0x00000000eaaa0000, 0x0000000100000000, 0x0000000100000000)
 Metaspace       used 68952K, capacity 74315K, committed 74584K, reserved 1112064K
  class space    used 9859K, capacity 11209K, committed 11260K, reserved 1048576K
}
Event: 97.427 GC heap before
{Heap before GC invocations=192 (full 5):
 par new generation   total 157248K, used 153516K [0x00000000e0000000, 0x00000000eaaa0000, 0x00000000eaaa0000)
  eden space 139776K, 100% used [0x00000000e0000000, 0x00000000e8880000, 0x00000000e8880000)
  from space 17472K,  78% used [0x00000000e8880000, 0x00000000e95eb3a0, 0x00000000e9990000)
  to   space 17472K,   0% used [0x00000000e9990000, 0x00000000e9990000, 0x00000000eaaa0000)
 concurrent mark-sweep generation total 349568K, used 289660K [0x00000000eaaa0000, 0x0000000100000000, 0x0000000100000000)
 Metaspace       used 69030K, capacity 74465K, committed 74584K, reserved 1112064K
  class space    used 9868K, capacity 11216K, committed 11260K, reserved 1048576K
Event: 97.448 GC heap after
Heap after GC invocations=193 (full 5):
 par new generation   total 157248K, used 9520K [0x00000000e0000000, 0x00000000eaaa0000, 0x00000000eaaa0000)
  eden space 139776K,   0% used [0x00000000e0000000, 0x00000000e0000000, 0x00000000e8880000)
  from space 17472K,  54% used [0x00000000e9990000, 0x00000000ea2dc260, 0x00000000eaaa0000)
  to   space 17472K,   0% used [0x00000000e8880000, 0x00000000e8880000, 0x00000000e9990000)
 concurrent mark-sweep generation total 349568K, used 289660K [0x00000000eaaa0000, 0x0000000100000000, 0x0000000100000000)
 Metaspace       used 69030K, capacity 74465K, committed 74584K, reserved 1112064K
  class space    used 9868K, capacity 11216K, committed 11260K, reserved 1048576K
}

